<?xml version="1.0" encoding="UTF-8"?>
<!-- Generated by org.testng.reporters.JUnitReportReporter -->
<testsuite hostname="O25369-O23F" name="com.acti.qa.testcase.TC02_EnterTimeTrackPage" tests="2" failures="0" timestamp="2 Sep 2019 00:54:44 GMT" time="43.319" errors="0">
  <testcase name="testVerifyTaskMenu" time="20.421" classname="com.acti.qa.testcase.TC02_EnterTimeTrackPage"/>
  <testcase name="initBrowser" time="22.898" classname="com.acti.qa.testcase.TC02_EnterTimeTrackPage"/>
</testsuite> <!-- com.acti.qa.testcase.TC02_EnterTimeTrackPage -->
