<?xml version="1.0" encoding="UTF-8"?>
<!-- Generated by org.testng.reporters.JUnitReportReporter -->
<testsuite hostname="O25369-O23F" name="com.acti.qa.testcase.TC01_ActiLoginPage" tests="3" failures="0" timestamp="1 Sep 2019 14:34:10 GMT" time="32.211" errors="0">
  <testcase name="testVerifyActiLogo" time="6.811" classname="com.acti.qa.testcase.TC01_ActiLoginPage"/>
  <testcase name="testValidatelogin" time="11.068" classname="com.acti.qa.testcase.TC01_ActiLoginPage"/>
  <testcase name="initBrowser" time="14.332" classname="com.acti.qa.testcase.TC01_ActiLoginPage"/>
</testsuite> <!-- com.acti.qa.testcase.TC01_ActiLoginPage -->
