<?xml version="1.0" encoding="UTF-8"?>
<!-- Generated by org.testng.reporters.JUnitReportReporter -->
<testsuite hostname="O25369-O23F" name="com.acti.qa.base.DriverScript" tests="1" failures="0" timestamp="30 Aug 2019 01:52:25 GMT" time="13.857" errors="0">
  <testcase name="initBrowser" time="13.857" classname="com.acti.qa.base.DriverScript"/>
</testsuite> <!-- com.acti.qa.base.DriverScript -->
